resnet20 Quantization 1
2021年 07月 08日 星期四 15:17:21 CST
----------------------------------------------------------
resnet20 Quantization 1
2021年 07月 08日 星期四 15:18:06 CST
---------------Dataset: cifar10--------------
----------------------------------------------------------
resnet20 Quantization 1
2021年 07月 08日 星期四 15:18:35 CST
---------------Dataset: cifar10--------------
Files already downloaded and verified
Files already downloaded and verified
layer number: 19
------ layer: layer1.0.conv1 ------
size of uncompressed layer: 0.0088MB
shape: torch.Size([16, 16, 3, 3])
------ layer: layer1.0.conv2 ------
size of uncompressed layer: 0.0088MB
shape: torch.Size([16, 16, 3, 3])
------ layer: layer1.1.conv1 ------
size of uncompressed layer: 0.0088MB
shape: torch.Size([16, 16, 3, 3])
------ layer: layer1.1.conv2 ------
size of uncompressed layer: 0.0088MB
shape: torch.Size([16, 16, 3, 3])
------ layer: layer1.2.conv1 ------
size of uncompressed layer: 0.0088MB
shape: torch.Size([16, 16, 3, 3])
------ layer: layer1.2.conv2 ------
size of uncompressed layer: 0.0088MB
shape: torch.Size([16, 16, 3, 3])
------ layer: layer2.0.conv1 ------
size of uncompressed layer: 0.0176MB
shape: torch.Size([32, 16, 3, 3])
------ layer: layer2.0.conv2 ------
size of uncompressed layer: 0.0352MB
shape: torch.Size([32, 32, 3, 3])
------ layer: layer2.1.conv1 ------
size of uncompressed layer: 0.0352MB
shape: torch.Size([32, 32, 3, 3])
------ layer: layer2.1.conv2 ------
size of uncompressed layer: 0.0352MB
shape: torch.Size([32, 32, 3, 3])
------ layer: layer2.2.conv1 ------
size of uncompressed layer: 0.0352MB
shape: torch.Size([32, 32, 3, 3])
------ layer: layer2.2.conv2 ------
size of uncompressed layer: 0.0352MB
shape: torch.Size([32, 32, 3, 3])
------ layer: layer3.0.conv1 ------
size of uncompressed layer: 0.0703MB
shape: torch.Size([64, 32, 3, 3])
------ layer: layer3.0.conv2 ------
size of uncompressed layer: 0.1406MB
shape: torch.Size([64, 64, 3, 3])
------ layer: layer3.1.conv1 ------
size of uncompressed layer: 0.1406MB
shape: torch.Size([64, 64, 3, 3])
------ layer: layer3.1.conv2 ------
size of uncompressed layer: 0.1406MB
shape: torch.Size([64, 64, 3, 3])
------ layer: layer3.2.conv1 ------
size of uncompressed layer: 0.1406MB
shape: torch.Size([64, 64, 3, 3])
------ layer: layer3.2.conv2 ------
size of uncompressed layer: 0.1406MB
shape: torch.Size([64, 64, 3, 3])
------ layer: linear ------
size of uncompressed layer: 0.0024MB
shape: torch.Size([10, 64])
#################result####################
0.00693511962890625
Compressed model size: 0.5665MB
Compression Coef: 1.82
Compression time: 0.00s.
----------------------------------------------------------
resnet20 Quantization 1
2021年 07月 08日 星期四 15:24:32 CST
---------------Dataset: cifar10--------------
Files already downloaded and verified
Files already downloaded and verified
layer number: 19
------ layer: layer1.0.conv1 ------
size of uncompressed layer: 0.0088MB
shape: torch.Size([16, 16, 3, 3])
------ layer: layer1.0.conv2 ------
size of uncompressed layer: 0.0088MB
shape: torch.Size([16, 16, 3, 3])
------ layer: layer1.1.conv1 ------
size of uncompressed layer: 0.0088MB
shape: torch.Size([16, 16, 3, 3])
------ layer: layer1.1.conv2 ------
size of uncompressed layer: 0.0088MB
shape: torch.Size([16, 16, 3, 3])
------ layer: layer1.2.conv1 ------
size of uncompressed layer: 0.0088MB
shape: torch.Size([16, 16, 3, 3])
------ layer: layer1.2.conv2 ------
size of uncompressed layer: 0.0088MB
shape: torch.Size([16, 16, 3, 3])
------ layer: layer2.0.conv1 ------
size of uncompressed layer: 0.0176MB
shape: torch.Size([32, 16, 3, 3])
------ layer: layer2.0.conv2 ------
size of uncompressed layer: 0.0352MB
shape: torch.Size([32, 32, 3, 3])
------ layer: layer2.1.conv1 ------
size of uncompressed layer: 0.0352MB
shape: torch.Size([32, 32, 3, 3])
------ layer: layer2.1.conv2 ------
size of uncompressed layer: 0.0352MB
shape: torch.Size([32, 32, 3, 3])
------ layer: layer2.2.conv1 ------
size of uncompressed layer: 0.0352MB
shape: torch.Size([32, 32, 3, 3])
------ layer: layer2.2.conv2 ------
size of uncompressed layer: 0.0352MB
shape: torch.Size([32, 32, 3, 3])
------ layer: layer3.0.conv1 ------
size of uncompressed layer: 0.0703MB
shape: torch.Size([64, 32, 3, 3])
------ layer: layer3.0.conv2 ------
size of uncompressed layer: 0.1406MB
shape: torch.Size([64, 64, 3, 3])
------ layer: layer3.1.conv1 ------
size of uncompressed layer: 0.1406MB
shape: torch.Size([64, 64, 3, 3])
------ layer: layer3.1.conv2 ------
size of uncompressed layer: 0.1406MB
shape: torch.Size([64, 64, 3, 3])
------ layer: layer3.2.conv1 ------
size of uncompressed layer: 0.1406MB
shape: torch.Size([64, 64, 3, 3])
------ layer: layer3.2.conv2 ------
size of uncompressed layer: 0.1406MB
shape: torch.Size([64, 64, 3, 3])
------ layer: linear ------
size of uncompressed layer: 0.0024MB
shape: torch.Size([10, 64])
#################result####################
Compressed model size: 0.5665MB
Compression Coef: 1.82
Compression time: 0.00s.
----------------------------------------------------------
resnet20 Quantization 1
2021年 07月 08日 星期四 15:25:16 CST
---------------Dataset: cifar10--------------
Files already downloaded and verified
Files already downloaded and verified
layer number: 19
------ layer: layer1.0.conv1 ------
size of uncompressed layer: 0.0088MB
shape: torch.Size([16, 16, 3, 3])
------ layer: layer1.0.conv2 ------
size of uncompressed layer: 0.0088MB
shape: torch.Size([16, 16, 3, 3])
------ layer: layer1.1.conv1 ------
size of uncompressed layer: 0.0088MB
shape: torch.Size([16, 16, 3, 3])
------ layer: layer1.1.conv2 ------
size of uncompressed layer: 0.0088MB
shape: torch.Size([16, 16, 3, 3])
------ layer: layer1.2.conv1 ------
size of uncompressed layer: 0.0088MB
shape: torch.Size([16, 16, 3, 3])
------ layer: layer1.2.conv2 ------
size of uncompressed layer: 0.0088MB
shape: torch.Size([16, 16, 3, 3])
------ layer: layer2.0.conv1 ------
size of uncompressed layer: 0.0176MB
shape: torch.Size([32, 16, 3, 3])
------ layer: layer2.0.conv2 ------
size of uncompressed layer: 0.0352MB
shape: torch.Size([32, 32, 3, 3])
------ layer: layer2.1.conv1 ------
size of uncompressed layer: 0.0352MB
shape: torch.Size([32, 32, 3, 3])
------ layer: layer2.1.conv2 ------
size of uncompressed layer: 0.0352MB
shape: torch.Size([32, 32, 3, 3])
------ layer: layer2.2.conv1 ------
size of uncompressed layer: 0.0352MB
shape: torch.Size([32, 32, 3, 3])
------ layer: layer2.2.conv2 ------
size of uncompressed layer: 0.0352MB
shape: torch.Size([32, 32, 3, 3])
------ layer: layer3.0.conv1 ------
size of uncompressed layer: 0.0703MB
shape: torch.Size([64, 32, 3, 3])
------ layer: layer3.0.conv2 ------
size of uncompressed layer: 0.1406MB
shape: torch.Size([64, 64, 3, 3])
------ layer: layer3.1.conv1 ------
size of uncompressed layer: 0.1406MB
shape: torch.Size([64, 64, 3, 3])
------ layer: layer3.1.conv2 ------
size of uncompressed layer: 0.1406MB
shape: torch.Size([64, 64, 3, 3])
------ layer: layer3.2.conv1 ------
size of uncompressed layer: 0.1406MB
shape: torch.Size([64, 64, 3, 3])
------ layer: layer3.2.conv2 ------
size of uncompressed layer: 0.1406MB
shape: torch.Size([64, 64, 3, 3])
------ layer: linear ------
size of uncompressed layer: 0.0024MB
shape: torch.Size([10, 64])
#################result####################
Compressed model size: 0.5665MB
Compression Coef: 1.82
Compression time: 0.00s.
Test: [0/79]	Acc@1 94.531 (94.531)	Acc@5 100.000 (100.000)
Test: [1/79]	Acc@1 91.406 (92.969)	Acc@5 99.219 (99.609)
Test: [2/79]	Acc@1 91.406 (92.448)	Acc@5 99.219 (99.479)
Test: [3/79]	Acc@1 95.312 (93.164)	Acc@5 99.219 (99.414)
Test: [4/79]	Acc@1 92.188 (92.969)	Acc@5 99.219 (99.375)
Test: [5/79]	Acc@1 92.969 (92.969)	Acc@5 100.000 (99.479)
Test: [6/79]	Acc@1 94.531 (93.192)	Acc@5 99.219 (99.442)
Test: [7/79]	Acc@1 95.312 (93.457)	Acc@5 100.000 (99.512)
Test: [8/79]	Acc@1 89.062 (92.969)	Acc@5 97.656 (99.306)
Test: [9/79]	Acc@1 88.281 (92.500)	Acc@5 99.219 (99.297)
Test: [10/79]	Acc@1 96.094 (92.827)	Acc@5 99.219 (99.290)
Test: [11/79]	Acc@1 88.281 (92.448)	Acc@5 100.000 (99.349)
Test: [12/79]	Acc@1 92.969 (92.488)	Acc@5 100.000 (99.399)
Test: [13/79]	Acc@1 89.062 (92.243)	Acc@5 100.000 (99.442)
Test: [14/79]	Acc@1 89.062 (92.031)	Acc@5 100.000 (99.479)
Test: [15/79]	Acc@1 93.750 (92.139)	Acc@5 100.000 (99.512)
Test: [16/79]	Acc@1 92.969 (92.188)	Acc@5 100.000 (99.540)
Test: [17/79]	Acc@1 88.281 (91.970)	Acc@5 98.438 (99.479)
Test: [18/79]	Acc@1 90.625 (91.900)	Acc@5 100.000 (99.507)
Test: [19/79]	Acc@1 92.969 (91.953)	Acc@5 100.000 (99.531)
Test: [20/79]	Acc@1 90.625 (91.890)	Acc@5 99.219 (99.516)
Test: [21/79]	Acc@1 94.531 (92.010)	Acc@5 100.000 (99.538)
Test: [22/79]	Acc@1 95.312 (92.154)	Acc@5 99.219 (99.524)
Test: [23/79]	Acc@1 92.188 (92.155)	Acc@5 100.000 (99.544)
Test: [24/79]	Acc@1 89.844 (92.062)	Acc@5 100.000 (99.562)
Test: [25/79]	Acc@1 91.406 (92.037)	Acc@5 98.438 (99.519)
Test: [26/79]	Acc@1 89.062 (91.927)	Acc@5 99.219 (99.508)
Test: [27/79]	Acc@1 89.844 (91.853)	Acc@5 99.219 (99.498)
Test: [28/79]	Acc@1 93.750 (91.918)	Acc@5 100.000 (99.515)
Test: [29/79]	Acc@1 93.750 (91.979)	Acc@5 99.219 (99.505)
Test: [30/79]	Acc@1 93.750 (92.036)	Acc@5 99.219 (99.496)
Test: [31/79]	Acc@1 96.094 (92.163)	Acc@5 100.000 (99.512)
Test: [32/79]	Acc@1 90.625 (92.116)	Acc@5 100.000 (99.527)
Test: [33/79]	Acc@1 91.406 (92.096)	Acc@5 99.219 (99.517)
Test: [34/79]	Acc@1 92.188 (92.098)	Acc@5 100.000 (99.531)
Test: [35/79]	Acc@1 89.062 (92.014)	Acc@5 100.000 (99.544)
Test: [36/79]	Acc@1 91.406 (91.997)	Acc@5 99.219 (99.535)
Test: [37/79]	Acc@1 91.406 (91.982)	Acc@5 100.000 (99.548)
Test: [38/79]	Acc@1 90.625 (91.947)	Acc@5 99.219 (99.539)
Test: [39/79]	Acc@1 86.719 (91.816)	Acc@5 100.000 (99.551)
Test: [40/79]	Acc@1 89.062 (91.749)	Acc@5 99.219 (99.543)
Test: [41/79]	Acc@1 89.844 (91.704)	Acc@5 98.438 (99.516)
Test: [42/79]	Acc@1 85.938 (91.570)	Acc@5 100.000 (99.528)
Test: [43/79]	Acc@1 90.625 (91.548)	Acc@5 100.000 (99.538)
Test: [44/79]	Acc@1 90.625 (91.528)	Acc@5 100.000 (99.549)
Test: [45/79]	Acc@1 94.531 (91.593)	Acc@5 100.000 (99.558)
Test: [46/79]	Acc@1 92.969 (91.622)	Acc@5 100.000 (99.568)
Test: [47/79]	Acc@1 92.969 (91.650)	Acc@5 100.000 (99.577)
Test: [48/79]	Acc@1 89.844 (91.614)	Acc@5 99.219 (99.570)
Test: [49/79]	Acc@1 88.281 (91.547)	Acc@5 100.000 (99.578)
Test: [50/79]	Acc@1 92.188 (91.559)	Acc@5 100.000 (99.586)
Test: [51/79]	Acc@1 89.844 (91.526)	Acc@5 100.000 (99.594)
Test: [52/79]	Acc@1 95.312 (91.598)	Acc@5 99.219 (99.587)
Test: [53/79]	Acc@1 93.750 (91.638)	Acc@5 100.000 (99.595)
Test: [54/79]	Acc@1 89.062 (91.591)	Acc@5 100.000 (99.602)
Test: [55/79]	Acc@1 89.844 (91.560)	Acc@5 99.219 (99.595)
Test: [56/79]	Acc@1 89.062 (91.516)	Acc@5 100.000 (99.603)
Test: [57/79]	Acc@1 92.969 (91.541)	Acc@5 100.000 (99.609)
Test: [58/79]	Acc@1 89.062 (91.499)	Acc@5 99.219 (99.603)
Test: [59/79]	Acc@1 90.625 (91.484)	Acc@5 100.000 (99.609)
Test: [60/79]	Acc@1 92.188 (91.496)	Acc@5 100.000 (99.616)
Test: [61/79]	Acc@1 90.625 (91.482)	Acc@5 100.000 (99.622)
Test: [62/79]	Acc@1 90.625 (91.468)	Acc@5 100.000 (99.628)
Test: [63/79]	Acc@1 89.844 (91.443)	Acc@5 99.219 (99.622)
Test: [64/79]	Acc@1 91.406 (91.442)	Acc@5 100.000 (99.627)
Test: [65/79]	Acc@1 94.531 (91.489)	Acc@5 100.000 (99.633)
Test: [66/79]	Acc@1 89.844 (91.465)	Acc@5 100.000 (99.639)
Test: [67/79]	Acc@1 92.969 (91.487)	Acc@5 100.000 (99.644)
Test: [68/79]	Acc@1 91.406 (91.486)	Acc@5 100.000 (99.649)
Test: [69/79]	Acc@1 89.062 (91.451)	Acc@5 100.000 (99.654)
Test: [70/79]	Acc@1 90.625 (91.439)	Acc@5 98.438 (99.637)
Test: [71/79]	Acc@1 95.312 (91.493)	Acc@5 100.000 (99.642)
Test: [72/79]	Acc@1 89.062 (91.460)	Acc@5 99.219 (99.636)
Test: [73/79]	Acc@1 96.094 (91.522)	Acc@5 100.000 (99.641)
Test: [74/79]	Acc@1 90.625 (91.510)	Acc@5 100.000 (99.646)
Test: [75/79]	Acc@1 86.719 (91.447)	Acc@5 100.000 (99.650)
Test: [76/79]	Acc@1 91.406 (91.447)	Acc@5 100.000 (99.655)
Test: [77/79]	Acc@1 90.625 (91.436)	Acc@5 99.219 (99.649)
Test: [78/79]	Acc@1 100.000 (91.450)	Acc@5 100.000 (99.650)
Top1 after quantization: 91.450, Top5 after quantization: 99.650

----------------------------------------------------------
resnet20 Quantization 1
2021年 07月 08日 星期四 15:25:35 CST
---------------Dataset: cifar10--------------
Files already downloaded and verified
Files already downloaded and verified
layer number: 20
------ layer: conv1 ------
size of uncompressed layer: 0.0016MB
shape: torch.Size([16, 3, 3, 3])
------ layer: layer1.0.conv1 ------
size of uncompressed layer: 0.0088MB
shape: torch.Size([16, 16, 3, 3])
------ layer: layer1.0.conv2 ------
size of uncompressed layer: 0.0088MB
shape: torch.Size([16, 16, 3, 3])
------ layer: layer1.1.conv1 ------
size of uncompressed layer: 0.0088MB
shape: torch.Size([16, 16, 3, 3])
------ layer: layer1.1.conv2 ------
size of uncompressed layer: 0.0088MB
shape: torch.Size([16, 16, 3, 3])
------ layer: layer1.2.conv1 ------
size of uncompressed layer: 0.0088MB
shape: torch.Size([16, 16, 3, 3])
------ layer: layer1.2.conv2 ------
size of uncompressed layer: 0.0088MB
shape: torch.Size([16, 16, 3, 3])
------ layer: layer2.0.conv1 ------
size of uncompressed layer: 0.0176MB
shape: torch.Size([32, 16, 3, 3])
------ layer: layer2.0.conv2 ------
size of uncompressed layer: 0.0352MB
shape: torch.Size([32, 32, 3, 3])
------ layer: layer2.1.conv1 ------
size of uncompressed layer: 0.0352MB
shape: torch.Size([32, 32, 3, 3])
------ layer: layer2.1.conv2 ------
size of uncompressed layer: 0.0352MB
shape: torch.Size([32, 32, 3, 3])
------ layer: layer2.2.conv1 ------
size of uncompressed layer: 0.0352MB
shape: torch.Size([32, 32, 3, 3])
------ layer: layer2.2.conv2 ------
size of uncompressed layer: 0.0352MB
shape: torch.Size([32, 32, 3, 3])
------ layer: layer3.0.conv1 ------
size of uncompressed layer: 0.0703MB
shape: torch.Size([64, 32, 3, 3])
------ layer: layer3.0.conv2 ------
size of uncompressed layer: 0.1406MB
shape: torch.Size([64, 64, 3, 3])
------ layer: layer3.1.conv1 ------
size of uncompressed layer: 0.1406MB
shape: torch.Size([64, 64, 3, 3])
------ layer: layer3.1.conv2 ------
size of uncompressed layer: 0.1406MB
shape: torch.Size([64, 64, 3, 3])
------ layer: layer3.2.conv1 ------
size of uncompressed layer: 0.1406MB
shape: torch.Size([64, 64, 3, 3])
------ layer: layer3.2.conv2 ------
size of uncompressed layer: 0.1406MB
shape: torch.Size([64, 64, 3, 3])
------ layer: linear ------
size of uncompressed layer: 0.0024MB
shape: torch.Size([10, 64])
#################result####################
Compressed model size: 0.5661MB
Compression Coef: 1.82
Compression time: 0.00s.
Test: [0/79]	Acc@1 92.969 (92.969)	Acc@5 99.219 (99.219)
Test: [1/79]	Acc@1 92.188 (92.578)	Acc@5 100.000 (99.609)
Test: [2/79]	Acc@1 92.969 (92.708)	Acc@5 100.000 (99.740)
Test: [3/79]	Acc@1 92.188 (92.578)	Acc@5 99.219 (99.609)
Test: [4/79]	Acc@1 91.406 (92.344)	Acc@5 99.219 (99.531)
Test: [5/79]	Acc@1 89.062 (91.797)	Acc@5 98.438 (99.349)
Test: [6/79]	Acc@1 91.406 (91.741)	Acc@5 99.219 (99.330)
Test: [7/79]	Acc@1 95.312 (92.188)	Acc@5 99.219 (99.316)
Test: [8/79]	Acc@1 93.750 (92.361)	Acc@5 100.000 (99.392)
Test: [9/79]	Acc@1 90.625 (92.188)	Acc@5 100.000 (99.453)
Test: [10/79]	Acc@1 89.062 (91.903)	Acc@5 100.000 (99.503)
Test: [11/79]	Acc@1 88.281 (91.602)	Acc@5 98.438 (99.414)
Test: [12/79]	Acc@1 89.844 (91.466)	Acc@5 100.000 (99.459)
Test: [13/79]	Acc@1 88.281 (91.239)	Acc@5 100.000 (99.498)
Test: [14/79]	Acc@1 89.062 (91.094)	Acc@5 100.000 (99.531)
Test: [15/79]	Acc@1 92.188 (91.162)	Acc@5 100.000 (99.561)
Test: [16/79]	Acc@1 94.531 (91.360)	Acc@5 100.000 (99.586)
Test: [17/79]	Acc@1 96.094 (91.623)	Acc@5 100.000 (99.609)
Test: [18/79]	Acc@1 92.188 (91.653)	Acc@5 100.000 (99.630)
Test: [19/79]	Acc@1 89.844 (91.562)	Acc@5 98.438 (99.570)
Test: [20/79]	Acc@1 93.750 (91.667)	Acc@5 98.438 (99.516)
Test: [21/79]	Acc@1 87.500 (91.477)	Acc@5 100.000 (99.538)
Test: [22/79]	Acc@1 96.094 (91.678)	Acc@5 100.000 (99.558)
Test: [23/79]	Acc@1 92.969 (91.732)	Acc@5 100.000 (99.577)
Test: [24/79]	Acc@1 89.062 (91.625)	Acc@5 100.000 (99.594)
Test: [25/79]	Acc@1 89.844 (91.556)	Acc@5 99.219 (99.579)
Test: [26/79]	Acc@1 91.406 (91.551)	Acc@5 100.000 (99.595)
Test: [27/79]	Acc@1 88.281 (91.434)	Acc@5 99.219 (99.581)
Test: [28/79]	Acc@1 91.406 (91.433)	Acc@5 100.000 (99.596)
Test: [29/79]	Acc@1 90.625 (91.406)	Acc@5 100.000 (99.609)
Test: [30/79]	Acc@1 89.062 (91.331)	Acc@5 100.000 (99.622)
Test: [31/79]	Acc@1 90.625 (91.309)	Acc@5 100.000 (99.634)
Test: [32/79]	Acc@1 91.406 (91.312)	Acc@5 99.219 (99.621)
Test: [33/79]	Acc@1 87.500 (91.199)	Acc@5 99.219 (99.609)
Test: [34/79]	Acc@1 90.625 (91.183)	Acc@5 99.219 (99.598)
Test: [35/79]	Acc@1 92.188 (91.211)	Acc@5 99.219 (99.588)
Test: [36/79]	Acc@1 90.625 (91.195)	Acc@5 99.219 (99.578)
Test: [37/79]	Acc@1 93.750 (91.262)	Acc@5 99.219 (99.568)
Test: [38/79]	Acc@1 89.844 (91.226)	Acc@5 100.000 (99.579)
Test: [39/79]	Acc@1 92.188 (91.250)	Acc@5 100.000 (99.590)
Test: [40/79]	Acc@1 92.969 (91.292)	Acc@5 100.000 (99.600)
Test: [41/79]	Acc@1 87.500 (91.202)	Acc@5 99.219 (99.591)
Test: [42/79]	Acc@1 88.281 (91.134)	Acc@5 100.000 (99.600)
Test: [43/79]	Acc@1 89.844 (91.104)	Acc@5 100.000 (99.609)
Test: [44/79]	Acc@1 91.406 (91.111)	Acc@5 98.438 (99.583)
Test: [45/79]	Acc@1 91.406 (91.118)	Acc@5 99.219 (99.575)
Test: [46/79]	Acc@1 94.531 (91.190)	Acc@5 100.000 (99.584)
Test: [47/79]	Acc@1 92.188 (91.211)	Acc@5 100.000 (99.593)
Test: [48/79]	Acc@1 94.531 (91.279)	Acc@5 100.000 (99.601)
Test: [49/79]	Acc@1 92.969 (91.312)	Acc@5 100.000 (99.609)
Test: [50/79]	Acc@1 92.969 (91.345)	Acc@5 100.000 (99.617)
Test: [51/79]	Acc@1 92.188 (91.361)	Acc@5 100.000 (99.624)
Test: [52/79]	Acc@1 92.969 (91.392)	Acc@5 100.000 (99.631)
Test: [53/79]	Acc@1 90.625 (91.377)	Acc@5 100.000 (99.638)
Test: [54/79]	Acc@1 89.844 (91.349)	Acc@5 100.000 (99.645)
Test: [55/79]	Acc@1 92.969 (91.378)	Acc@5 100.000 (99.651)
Test: [56/79]	Acc@1 87.500 (91.310)	Acc@5 99.219 (99.644)
Test: [57/79]	Acc@1 91.406 (91.312)	Acc@5 98.438 (99.623)
Test: [58/79]	Acc@1 94.531 (91.367)	Acc@5 100.000 (99.629)
Test: [59/79]	Acc@1 89.062 (91.328)	Acc@5 100.000 (99.635)
Test: [60/79]	Acc@1 96.094 (91.406)	Acc@5 100.000 (99.641)
Test: [61/79]	Acc@1 87.500 (91.343)	Acc@5 100.000 (99.647)
Test: [62/79]	Acc@1 92.188 (91.357)	Acc@5 100.000 (99.653)
Test: [63/79]	Acc@1 92.969 (91.382)	Acc@5 100.000 (99.658)
Test: [64/79]	Acc@1 91.406 (91.382)	Acc@5 100.000 (99.663)
Test: [65/79]	Acc@1 91.406 (91.383)	Acc@5 100.000 (99.669)
Test: [66/79]	Acc@1 88.281 (91.336)	Acc@5 99.219 (99.662)
Test: [67/79]	Acc@1 90.625 (91.326)	Acc@5 100.000 (99.667)
Test: [68/79]	Acc@1 95.312 (91.384)	Acc@5 99.219 (99.660)
Test: [69/79]	Acc@1 93.750 (91.417)	Acc@5 100.000 (99.665)
Test: [70/79]	Acc@1 92.969 (91.439)	Acc@5 98.438 (99.648)
Test: [71/79]	Acc@1 92.188 (91.450)	Acc@5 100.000 (99.653)
Test: [72/79]	Acc@1 89.062 (91.417)	Acc@5 100.000 (99.658)
Test: [73/79]	Acc@1 90.625 (91.406)	Acc@5 100.000 (99.662)
Test: [74/79]	Acc@1 90.625 (91.396)	Acc@5 98.438 (99.646)
Test: [75/79]	Acc@1 87.500 (91.345)	Acc@5 100.000 (99.650)
Test: [76/79]	Acc@1 89.062 (91.315)	Acc@5 100.000 (99.655)
Test: [77/79]	Acc@1 95.312 (91.366)	Acc@5 100.000 (99.659)
Test: [78/79]	Acc@1 81.250 (91.350)	Acc@5 100.000 (99.660)
Top1 after quantization: 91.350, Top5 after quantization: 99.660

----------------------------------------------------------
